<?xml version="1.0" encoding="UTF-8"?>
<testsuite xmlns:xsi="http://www.w3.org/2001/XMLSchema-instance" xsi:noNamespaceSchemaLocation="https://maven.apache.org/surefire/maven-surefire-plugin/xsd/surefire-test-report-3.0.xsd" version="3.0" name="apoioTest.CalculadoraTest" time="0.067" tests="7" errors="0" skipped="0" failures="0">
  <properties>
[...]
</properties>
  <testcase name="subtrair_deveRetornarDiferencaDoisNumeros" classname="apoioTest.CalculadoraTest" time="0.004">
    <system-out><![CDATA[>> @BeforeClass: roda uma vez antes de todos os testes
-- @Before: preparando para o próximo teste
-- @After: limpando após o teste
]]></system-out>
  </testcase>
  <testcase name="somar_naoDeveRetornarZeroComNumerosPositivos" classname="apoioTest.CalculadoraTest" time="0.001">
    <system-out><![CDATA[-- @Before: preparando para o próximo teste
-- @After: limpando após o teste
]]></system-out>
  </testcase>
  <testcase name="dividir_deveRetornarResultadoCorreto" classname="apoioTest.CalculadoraTest" time="0.001">
    <system-out><![CDATA[-- @Before: preparando para o próximo teste
-- @After: limpando após o teste
]]></system-out>
  </testcase>
  <testcase name="dividir_deveLancarExcecaoQuandoDivisorForZero" classname="apoioTest.CalculadoraTest" time="0.0">
    <system-out><![CDATA[-- @Before: preparando para o próximo teste
-- @After: limpando após o teste
]]></system-out>
  </testcase>
  <testcase name="dividir_deveRetornarObjetoNaoNulo" classname="apoioTest.CalculadoraTest" time="0.002">
    <system-out><![CDATA[-- @Before: preparando para o próximo teste
-- @After: limpando após o teste
]]></system-out>
  </testcase>
  <testcase name="somar_deveRetornarValorPositivo" classname="apoioTest.CalculadoraTest" time="0.0">
    <system-out><![CDATA[-- @Before: preparando para o próximo teste
-- @After: limpando após o teste
]]></system-out>
  </testcase>
  <testcase name="somar_deveRetornarSomaDoisNumeros" classname="apoioTest.CalculadoraTest" time="0.0">
    <system-out><![CDATA[-- @Before: preparando para o próximo teste
-- @After: limpando após o teste
]]></system-out>
  </testcase>
</testsuite>